  .   ____          _            __ _ _
 /\\ / ___'_ __ _ _(_)_ __  __ _ \ \ \ \
( ( )\___ | '_ | '_| | '_ \/ _` | \ \ \ \
 \\/  ___)| |_)| | | | | || (_| |  ) ) ) )
  '  |____| .__|_| |_|_| |_\__, | / / / /
 =========|_|==============|___/=/_/_/_/
 :: Spring Boot ::        (v2.3.0.RELEASE)

[2020-09-13 22:42:49] [INFO ] [] [] [] []    [8b0b72372cee] [main] [wallet.configuration.ConfigurationApplication] ===> Starting ConfigurationApplication v1.0 on 8b0b72372cee with PID 1 (/usr/local/tomcat/webapps/api-war-1.0/WEB-INF/lib/configuration-1.0.jar started by root in /usr/local/tomcat)
[2020-09-13 22:42:49] [DEBUG] [] [] [] []    [8b0b72372cee] [main] [wallet.configuration.ConfigurationApplication] ===> Running with Spring Boot v2.3.0.RELEASE, Spring v5.2.6.RELEASE
[2020-09-13 22:42:49] [INFO ] [] [] [] []    [8b0b72372cee] [main] [wallet.configuration.ConfigurationApplication] ===> No active profile set, falling back to default profiles: default
[2020-09-13 22:42:56] [INFO ] [] [] [] []    [8b0b72372cee] [main] [repository.config.RepositoryConfigurationDelegate] ===> Multiple Spring Data modules found, entering strict repository configuration mode!
[2020-09-13 22:42:56] [INFO ] [] [] [] []    [8b0b72372cee] [main] [repository.config.RepositoryConfigurationDelegate] ===> Bootstrapping Spring Data JPA repositories in DEFAULT mode.
[2020-09-13 22:42:57] [INFO ] [] [] [] []    [8b0b72372cee] [main] [repository.config.RepositoryConfigurationDelegate] ===> Finished Spring Data repository scanning in 234ms. Found 2 JPA repository interfaces.
[2020-09-13 22:42:58] [INFO ] [] [] [] []    [8b0b72372cee] [main] [repository.config.RepositoryConfigurationDelegate] ===> Multiple Spring Data modules found, entering strict repository configuration mode!
[2020-09-13 22:42:58] [INFO ] [] [] [] []    [8b0b72372cee] [main] [repository.config.RepositoryConfigurationDelegate] ===> Bootstrapping Spring Data JDBC repositories in DEFAULT mode.
[2020-09-13 22:42:58] [INFO ] [] [] [] []    [8b0b72372cee] [main] [repository.config.RepositoryConfigurationDelegate] ===> Finished Spring Data repository scanning in 85ms. Found 0 JDBC repository interfaces.
[2020-09-13 22:43:02] [INFO ] [] [] [] []    [8b0b72372cee] [main] [context.support.PostProcessorRegistrationDelegate$BeanPostProcessorChecker] ===> Bean 'org.springframework.security.access.expression.method.DefaultMethodSecurityExpressionHandler@4fb8d97a' of type [org.springframework.security.access.expression.method.DefaultMethodSecurityExpressionHandler] is not eligible for getting processed by all BeanPostProcessors (for example: not eligible for auto-proxying)
[2020-09-13 22:43:02] [INFO ] [] [] [] []    [8b0b72372cee] [main] [context.support.PostProcessorRegistrationDelegate$BeanPostProcessorChecker] ===> Bean 'methodSecurityMetadataSource' of type [org.springframework.security.access.method.DelegatingMethodSecurityMetadataSource] is not eligible for getting processed by all BeanPostProcessors (for example: not eligible for auto-proxying)
[2020-09-13 22:43:02] [INFO ] [] [] [] []    [8b0b72372cee] [main] [web.context.ContextLoader] ===> Root WebApplicationContext: initialization completed in 12444 ms
[2020-09-13 22:43:07] [INFO ] [] [] [] []    [8b0b72372cee] [main] [internal.util.LogHelper] ===> HHH000204: Processing PersistenceUnitInfo [name: default]
[2020-09-13 22:43:08] [INFO ] [] [] [] []    [8b0b72372cee] [main] [org.hibernate.Version] ===> HHH000412: Hibernate ORM core version 5.4.15.Final
[2020-09-13 22:43:09] [INFO ] [] [] [] []    [8b0b72372cee] [main] [annotations.common.Version] ===> HCANN000001: Hibernate Commons Annotations {5.1.0.Final}
[2020-09-13 22:43:11] [INFO ] [] [] [] []    [8b0b72372cee] [main] [hibernate.dialect.Dialect] ===> HHH000400: Using dialect: org.hibernate.dialect.PostgreSQLDialect
[2020-09-13 22:43:17] [INFO ] [] [] [] []    [8b0b72372cee] [main] [platform.internal.JtaPlatformInitiator] ===> HHH000490: Using JtaPlatform implementation: [org.hibernate.engine.transaction.jta.platform.internal.NoJtaPlatform]
[2020-09-13 22:43:17] [INFO ] [] [] [] []    [8b0b72372cee] [main] [orm.jpa.LocalContainerEntityManagerFactoryBean] ===> Initialized JPA EntityManagerFactory for persistence unit 'default'
[2020-09-13 22:43:28] [INFO ] [] [] [] []    [8b0b72372cee] [main] [security.web.DefaultSecurityFilterChain] ===> Creating filter chain: any request, [org.springframework.security.web.context.request.async.WebAsyncManagerIntegrationFilter@25e0047c, org.springframework.security.web.context.SecurityContextPersistenceFilter@32140024, org.springframework.security.web.header.HeaderWriterFilter@75cf87ef, org.springframework.web.filter.CorsFilter@71951028, org.springframework.security.web.authentication.logout.LogoutFilter@721fadb4, com.jmendoza.wallet.security.filter.SecurityRequestFilter@670e1bdf, org.springframework.security.web.savedrequest.RequestCacheAwareFilter@508ddde, org.springframework.security.web.servletapi.SecurityContextHolderAwareRequestFilter@44579647, org.springframework.security.web.authentication.AnonymousAuthenticationFilter@6c16a3fa, org.springframework.security.web.session.SessionManagementFilter@73a9f793, org.springframework.security.web.access.ExceptionTranslationFilter@786560e9, org.springframework.security.web.access.intercept.FilterSecurityInterceptor@6263f9a9]
[2020-09-13 22:43:28] [INFO ] [] [] [] []    [8b0b72372cee] [main] [scheduling.concurrent.ThreadPoolTaskExecutor] ===> Initializing ExecutorService
[2020-09-13 22:43:28] [DEBUG] [] [] [] []    [8b0b72372cee] [main] [tasks.notification.TaskExecutorEmail] ===> SET - Async-TaskExecutorEmail
[2020-09-13 22:43:28] [INFO ] [] [] [] []    [8b0b72372cee] [main] [scheduling.concurrent.ThreadPoolTaskExecutor] ===> Initializing ExecutorService 'emailExecutor'
[2020-09-13 22:43:33] [INFO ] [] [] [] []    [8b0b72372cee] [main] [scheduling.concurrent.ThreadPoolTaskScheduler] ===> Initializing ExecutorService 'taskScheduler'
[2020-09-13 22:43:33] [INFO ] [] [] [] []    [8b0b72372cee] [main] [wallet.configuration.ConfigurationApplication] ===> Started ConfigurationApplication in 52.443 seconds (JVM running for 86.619)
[2020-09-13 22:43:33] [DEBUG] [] [] [] []    [8b0b72372cee] [main] [security.filter.SecurityRequestFilter] ===> Filter 'securityRequestFilter' configured for use
13-Sep-2020 22:43:34.223 INFO [main] org.apache.catalina.startup.HostConfig.deployWAR Deploying web application archive [/usr/local/tomcat/webapps/api-war-1.0.war]
13-Sep-2020 22:43:48.350 INFO [main] org.apache.jasper.servlet.TldScanner.scanJars At least one JAR was scanned for TLDs yet contained no TLDs. Enable debug logging for this logger for a complete list of JARs that were scanned but no TLDs were found in them. Skipping unneeded JARs during scanning can improve startup time and JSP compilation time.

  .   ____          _            __ _ _
 /\\ / ___'_ __ _ _(_)_ __  __ _ \ \ \ \
( ( )\___ | '_ | '_| | '_ \/ _` | \ \ \ \
 \\/  ___)| |_)| | | | | || (_| |  ) ) ) )
  '  |____| .__|_| |_|_| |_\__, | / / / /
 =========|_|==============|___/=/_/_/_/
 :: Spring Boot ::        (v2.3.0.RELEASE)

[2020-09-13 22:44:03] [INFO ] [] [] [] []    [8b0b72372cee] [main] [wallet.configuration.ConfigurationApplication] ===> Starting ConfigurationApplication v1.0 on 8b0b72372cee with PID 1 (/usr/local/tomcat/webapps/api-war-1.0/WEB-INF/lib/configuration-1.0.jar started by root in /usr/local/tomcat)
[2020-09-13 22:44:03] [DEBUG] [] [] [] []    [8b0b72372cee] [main] [wallet.configuration.ConfigurationApplication] ===> Running with Spring Boot v2.3.0.RELEASE, Spring v5.2.6.RELEASE
[2020-09-13 22:44:03] [INFO ] [] [] [] []    [8b0b72372cee] [main] [wallet.configuration.ConfigurationApplication] ===> No active profile set, falling back to default profiles: default
[2020-09-13 22:44:10] [INFO ] [] [] [] []    [8b0b72372cee] [main] [repository.config.RepositoryConfigurationDelegate] ===> Multiple Spring Data modules found, entering strict repository configuration mode!
[2020-09-13 22:44:10] [INFO ] [] [] [] []    [8b0b72372cee] [main] [repository.config.RepositoryConfigurationDelegate] ===> Bootstrapping Spring Data JPA repositories in DEFAULT mode.
[2020-09-13 22:44:10] [INFO ] [] [] [] []    [8b0b72372cee] [main] [repository.config.RepositoryConfigurationDelegate] ===> Finished Spring Data repository scanning in 276ms. Found 2 JPA repository interfaces.
[2020-09-13 22:44:15] [INFO ] [] [] [] []    [8b0b72372cee] [main] [repository.config.RepositoryConfigurationDelegate] ===> Multiple Spring Data modules found, entering strict repository configuration mode!
[2020-09-13 22:44:15] [INFO ] [] [] [] []    [8b0b72372cee] [main] [repository.config.RepositoryConfigurationDelegate] ===> Bootstrapping Spring Data JDBC repositories in DEFAULT mode.
[2020-09-13 22:44:15] [INFO ] [] [] [] []    [8b0b72372cee] [main] [repository.config.RepositoryConfigurationDelegate] ===> Finished Spring Data repository scanning in 153ms. Found 0 JDBC repository interfaces.
[2020-09-13 22:44:18] [INFO ] [] [] [] []    [8b0b72372cee] [main] [context.support.PostProcessorRegistrationDelegate$BeanPostProcessorChecker] ===> Bean 'org.springframework.security.access.expression.method.DefaultMethodSecurityExpressionHandler@7939b2d4' of type [org.springframework.security.access.expression.method.DefaultMethodSecurityExpressionHandler] is not eligible for getting processed by all BeanPostProcessors (for example: not eligible for auto-proxying)
[2020-09-13 22:44:18] [INFO ] [] [] [] []    [8b0b72372cee] [main] [context.support.PostProcessorRegistrationDelegate$BeanPostProcessorChecker] ===> Bean 'methodSecurityMetadataSource' of type [org.springframework.security.access.method.DelegatingMethodSecurityMetadataSource] is not eligible for getting processed by all BeanPostProcessors (for example: not eligible for auto-proxying)
[2020-09-13 22:44:18] [INFO ] [] [] [] []    [8b0b72372cee] [main] [web.context.ContextLoader] ===> Root WebApplicationContext: initialization completed in 14788 ms
[2020-09-13 22:44:29] [INFO ] [] [] [] []    [8b0b72372cee] [main] [internal.util.LogHelper] ===> HHH000204: Processing PersistenceUnitInfo [name: default]
[2020-09-13 22:44:34] [INFO ] [] [] [] []    [8b0b72372cee] [main] [org.hibernate.Version] ===> HHH000412: Hibernate ORM core version 5.4.15.Final
[2020-09-13 22:44:38] [INFO ] [] [] [] []    [8b0b72372cee] [main] [annotations.common.Version] ===> HCANN000001: Hibernate Commons Annotations {5.1.0.Final}
[2020-09-13 22:44:39] [INFO ] [] [] [] []    [8b0b72372cee] [main] [hibernate.dialect.Dialect] ===> HHH000400: Using dialect: org.hibernate.dialect.PostgreSQLDialect
[2020-09-13 22:44:52] [INFO ] [] [] [] []    [8b0b72372cee] [main] [platform.internal.JtaPlatformInitiator] ===> HHH000490: Using JtaPlatform implementation: [org.hibernate.engine.transaction.jta.platform.internal.NoJtaPlatform]
[2020-09-13 22:44:52] [INFO ] [] [] [] []    [8b0b72372cee] [main] [orm.jpa.LocalContainerEntityManagerFactoryBean] ===> Initialized JPA EntityManagerFactory for persistence unit 'default'
[2020-09-13 22:45:01] [INFO ] [] [] [] []    [8b0b72372cee] [main] [security.web.DefaultSecurityFilterChain] ===> Creating filter chain: any request, [org.springframework.security.web.context.request.async.WebAsyncManagerIntegrationFilter@40507c37, org.springframework.security.web.context.SecurityContextPersistenceFilter@52e81c41, org.springframework.security.web.header.HeaderWriterFilter@5d7e00e8, org.springframework.web.filter.CorsFilter@584c8fb7, org.springframework.security.web.authentication.logout.LogoutFilter@5ed6cfa4, com.jmendoza.wallet.security.filter.SecurityRequestFilter@1be122fb, org.springframework.security.web.savedrequest.RequestCacheAwareFilter@469d5a35, org.springframework.security.web.servletapi.SecurityContextHolderAwareRequestFilter@71636b6f, org.springframework.security.web.authentication.AnonymousAuthenticationFilter@256d7, org.springframework.security.web.session.SessionManagementFilter@49951f69, org.springframework.security.web.access.ExceptionTranslationFilter@7f53d396, org.springframework.security.web.access.intercept.FilterSecurityInterceptor@51c0151f]
[2020-09-13 22:45:01] [INFO ] [] [] [] []    [8b0b72372cee] [main] [scheduling.concurrent.ThreadPoolTaskExecutor] ===> Initializing ExecutorService
[2020-09-13 22:45:01] [DEBUG] [] [] [] []    [8b0b72372cee] [main] [tasks.notification.TaskExecutorEmail] ===> SET - Async-TaskExecutorEmail
[2020-09-13 22:45:01] [INFO ] [] [] [] []    [8b0b72372cee] [main] [scheduling.concurrent.ThreadPoolTaskExecutor] ===> Initializing ExecutorService 'emailExecutor'
[2020-09-13 22:45:04] [INFO ] [] [] [] []    [8b0b72372cee] [main] [scheduling.concurrent.ThreadPoolTaskScheduler] ===> Initializing ExecutorService 'taskScheduler'
[2020-09-13 22:45:05] [INFO ] [] [] [] []    [8b0b72372cee] [main] [wallet.configuration.ConfigurationApplication] ===> Started ConfigurationApplication in 73.047 seconds (JVM running for 177.812)
[2020-09-13 22:45:05] [DEBUG] [] [] [] []    [8b0b72372cee] [main] [security.filter.SecurityRequestFilter] ===> Filter 'securityRequestFilter' configured for use
13-Sep-2020 22:45:05.091 INFO [main] org.apache.catalina.startup.HostConfig.deployWAR Deployment of web application archive [/usr/local/tomcat/webapps/api-war-1.0.war] has finished in [90,865] ms
13-Sep-2020 22:45:05.165 INFO [main] org.apache.coyote.AbstractProtocol.start Starting ProtocolHandler ["http-nio-8080"]
13-Sep-2020 22:45:05.376 INFO [main] org.apache.catalina.startup.Catalina.start Server startup in [169,975] milliseconds
[2020-09-13 22:46:15] [INFO ] [] [] [] []    [8b0b72372cee] [http-nio-8080-exec-1] [web.servlet.DispatcherServlet] ===> Initializing Servlet 'dispatcherServlet'
[2020-09-13 22:46:15] [INFO ] [] [] [] []    [8b0b72372cee] [http-nio-8080-exec-1] [web.servlet.DispatcherServlet] ===> Completed initialization in 42 ms
[2020-09-13 22:46:16] [TRACE] [] [] [] []    [8b0b72372cee] [http-nio-8080-exec-1] [zalando.logbook.Logbook] ===> {"origin":"remote","type":"request","correlation":"85882b777e7bf46f","protocol":"HTTP/1.0","remote":"172.20.0.4","method":"POST","uri":"http://172.20.0.4/api/v1/accounts","headers":{"accept":["*/*"],"accept-encoding":["gzip, deflate"],"accept-language":["es-419,es-US;q=0.9,es;q=0.8,en-US;q=0.7,en;q=0.6"],"authorization":["XXX"],"cache-control":["no-cache"],"connection":["close"],"content-length":["119"],"content-type":["application/json"],"host":["172.20.0.4"],"origin":["chrome-extension://fhbjgbiflinjbdggehcddcbncdddomop"],"postman-token":["b0ffd87f-a58a-98ef-01eb-1d6ed326f8aa"],"user-agent":["Mozilla/5.0 (X11; Linux x86_64) AppleWebKit/537.36 (KHTML, like Gecko) Chrome/85.0.4183.102 Safari/537.36"],"x-forwarded-for":["172.20.0.1"]},"body":{"customerId":"1","accountNumber":"45-48ER-DFDF-G6768","currentBalance":100,"createdAt":"2020-09-13T17:25:41"}}
[2020-09-13 22:46:16] [INFO ] [172.20.0.4] [Create Account] [jmtizure@gmail.com] [createAccount] [Test Wildcard1] [Test Wildcard2] [Test Wildcard3] [8b0b72372cee] [http-nio-8080-exec-1] [controller.account.AccountController] ===> Test Message
[2020-09-13 22:46:16] [TRACE] [172.20.0.4] [Create Account] [jmtizure@gmail.com] [createAccount] [Test Wildcard1] [Test Wildcard2] [Test Wildcard3] [8b0b72372cee] [http-nio-8080-exec-1] [zalando.logbook.Logbook] ===> {"origin":"local","type":"response","correlation":"85882b777e7bf46f","duration":506,"protocol":"HTTP/1.0","status":200,"headers":{"Access-Control-Allow-Credentials":["true"],"Access-Control-Allow-Origin":["chrome-extension://fhbjgbiflinjbdggehcddcbncdddomop"],"Cache-Control":["no-cache, no-store, max-age=0, must-revalidate"],"Connection":["close"],"Content-Type":["application/json;charset=UTF-8"],"Date":["Mon, 14 Sep 2020 02:46:16 GMT"],"Expires":["0"],"Pragma":["no-cache"],"Vary":["Origin","Access-Control-Request-Method","Access-Control-Request-Headers"],"X-Content-Type-Options":["nosniff"],"X-Frame-Options":["DENY"],"X-XSS-Protection":["1; mode=block"]},"body":{"accountId":"2"}}
